c:\users\marchetto\source\repos\llxvm\x64\debug\dotnetpelib.pdb
c:\users\marchetto\source\repos\llxvm\x64\debug\dotnetpelib.idb
c:\users\marchetto\source\repos\llxvm\llxvm-cc\dotnetpelib\x64\debug\peliberror.obj
c:\users\marchetto\source\repos\llxvm\llxvm-cc\dotnetpelib\x64\debug\pelib.obj
c:\users\marchetto\source\repos\llxvm\llxvm-cc\dotnetpelib\x64\debug\pecor20headers.obj
c:\users\marchetto\source\repos\llxvm\llxvm-cc\dotnetpelib\x64\debug\operand.obj
c:\users\marchetto\source\repos\llxvm\llxvm-cc\dotnetpelib\x64\debug\netsignature.obj
c:\users\marchetto\source\repos\llxvm\llxvm-cc\dotnetpelib\x64\debug\namespace.obj
c:\users\marchetto\source\repos\llxvm\llxvm-cc\dotnetpelib\x64\debug\methodsignature.obj
c:\users\marchetto\source\repos\llxvm\llxvm-cc\dotnetpelib\x64\debug\method.obj
c:\users\marchetto\source\repos\llxvm\llxvm-cc\dotnetpelib\x64\debug\instruction.obj
c:\users\marchetto\source\repos\llxvm\llxvm-cc\dotnetpelib\x64\debug\field.obj
c:\users\marchetto\source\repos\llxvm\llxvm-cc\dotnetpelib\x64\debug\enum.obj
c:\users\marchetto\source\repos\llxvm\llxvm-cc\dotnetpelib\x64\debug\dllexportreader.obj
c:\users\marchetto\source\repos\llxvm\llxvm-cc\dotnetpelib\x64\debug\datacontainer.obj
c:\users\marchetto\source\repos\llxvm\llxvm-cc\dotnetpelib\x64\debug\customattributecontainer.obj
c:\users\marchetto\source\repos\llxvm\llxvm-cc\dotnetpelib\x64\debug\createguid.obj
c:\users\marchetto\source\repos\llxvm\llxvm-cc\dotnetpelib\x64\debug\codecontainer.obj
c:\users\marchetto\source\repos\llxvm\llxvm-cc\dotnetpelib\x64\debug\class.obj
c:\users\marchetto\source\repos\llxvm\llxvm-cc\dotnetpelib\x64\debug\bigdigits.obj
c:\users\marchetto\source\repos\llxvm\llxvm-cc\dotnetpelib\x64\debug\assemblydef.obj
c:\users\marchetto\source\repos\llxvm\llxvm-cc\dotnetpelib\x64\debug\allocator.obj
c:\users\marchetto\source\repos\llxvm\llxvm-cc\dotnetpelib\x64\debug\value.obj
c:\users\marchetto\source\repos\llxvm\llxvm-cc\dotnetpelib\x64\debug\type.obj
c:\users\marchetto\source\repos\llxvm\llxvm-cc\dotnetpelib\x64\debug\sha1.obj
c:\users\marchetto\source\repos\llxvm\llxvm-cc\dotnetpelib\x64\debug\rsaencoder.obj
c:\users\marchetto\source\repos\llxvm\llxvm-cc\dotnetpelib\x64\debug\qualifiers.obj
c:\users\marchetto\source\repos\llxvm\llxvm-cc\dotnetpelib\x64\debug\property.obj
c:\users\marchetto\source\repos\llxvm\llxvm-cc\dotnetpelib\x64\debug\pewriter.obj
c:\users\marchetto\source\repos\llxvm\llxvm-cc\dotnetpelib\x64\debug\pereader.obj
c:\users\marchetto\source\repos\llxvm\x64\debug\dotnetpelib.lib
c:\users\marchetto\source\repos\llxvm\llxvm-cc\dotnetpelib\x64\debug\dotnetpelib.tlog\cl.command.1.tlog
c:\users\marchetto\source\repos\llxvm\llxvm-cc\dotnetpelib\x64\debug\dotnetpelib.tlog\cl.read.1.tlog
c:\users\marchetto\source\repos\llxvm\llxvm-cc\dotnetpelib\x64\debug\dotnetpelib.tlog\cl.write.1.tlog
c:\users\marchetto\source\repos\llxvm\llxvm-cc\dotnetpelib\x64\debug\dotnetpelib.tlog\lib-link.read.1.tlog
c:\users\marchetto\source\repos\llxvm\llxvm-cc\dotnetpelib\x64\debug\dotnetpelib.tlog\lib-link.write.1.tlog
c:\users\marchetto\source\repos\llxvm\llxvm-cc\dotnetpelib\x64\debug\dotnetpelib.tlog\lib.command.1.tlog
